2025-06-10 15:21:16 - SQLSTATE[42S02]: Base table or view not found: 1146 Table 'e_commerce_electronics.offers' doesn't exist
2025-06-10 15:21:16 - SQLSTATE[42S02]: Base table or view not found: 1146 Table 'e_commerce_electronics.offers' doesn't exist
2025-06-10 15:21:16 - SQLSTATE[42S02]: Base table or view not found: 1146 Table 'e_commerce_electronics.offers' doesn't exist
2025-06-10 15:21:16 - SQLSTATE[42S02]: Base table or view not found: 1146 Table 'e_commerce_electronics.offers' doesn't exist
2025-06-10 15:21:16 - SQLSTATE[42S02]: Base table or view not found: 1146 Table 'e_commerce_electronics.offers' doesn't exist
2025-06-10 15:21:16 - SQLSTATE[42S02]: Base table or view not found: 1146 Table 'e_commerce_electronics.blogs' doesn't exist
2025-06-10 15:21:48 - SQLSTATE[42S02]: Base table or view not found: 1146 Table 'e_commerce_electronics.offers' doesn't exist
2025-06-10 15:21:48 - SQLSTATE[42S02]: Base table or view not found: 1146 Table 'e_commerce_electronics.offers' doesn't exist
2025-06-10 15:21:48 - SQLSTATE[42S02]: Base table or view not found: 1146 Table 'e_commerce_electronics.offers' doesn't exist
2025-06-10 15:21:48 - SQLSTATE[42S02]: Base table or view not found: 1146 Table 'e_commerce_electronics.offers' doesn't exist
2025-06-10 15:21:48 - SQLSTATE[42S02]: Base table or view not found: 1146 Table 'e_commerce_electronics.offers' doesn't exist
2025-06-10 15:21:48 - SQLSTATE[42S02]: Base table or view not found: 1146 Table 'e_commerce_electronics.blogs' doesn't exist
2025-06-10 15:21:53 - SQLSTATE[42S02]: Base table or view not found: 1146 Table 'e_commerce_electronics.offers' doesn't exist
2025-06-10 15:21:53 - SQLSTATE[42S02]: Base table or view not found: 1146 Table 'e_commerce_electronics.reviews' doesn't exist
2025-06-10 15:21:53 - SQLSTATE[42S02]: Base table or view not found: 1146 Table 'e_commerce_electronics.reviews' doesn't exist
2025-06-10 15:21:53 - SQLSTATE[42S02]: Base table or view not found: 1146 Table 'e_commerce_electronics.offers' doesn't exist
2025-06-10 15:21:53 - SQLSTATE[42S02]: Base table or view not found: 1146 Table 'e_commerce_electronics.offers' doesn't exist
2025-06-10 15:21:53 - SQLSTATE[42S02]: Base table or view not found: 1146 Table 'e_commerce_electronics.reviews' doesn't exist
2025-06-10 15:21:53 - SQLSTATE[42S02]: Base table or view not found: 1146 Table 'e_commerce_electronics.reviews' doesn't exist
2025-06-10 15:21:53 - SQLSTATE[42S02]: Base table or view not found: 1146 Table 'e_commerce_electronics.reviews' doesn't exist
2025-06-10 15:23:52 - SQLSTATE[42S02]: Base table or view not found: 1146 Table 'e_commerce_electronics.offers' doesn't exist
2025-06-10 15:23:52 - SQLSTATE[42S02]: Base table or view not found: 1146 Table 'e_commerce_electronics.offers' doesn't exist
2025-06-10 15:23:52 - SQLSTATE[42S02]: Base table or view not found: 1146 Table 'e_commerce_electronics.offers' doesn't exist
2025-06-10 15:23:52 - SQLSTATE[42S02]: Base table or view not found: 1146 Table 'e_commerce_electronics.offers' doesn't exist
2025-06-10 15:23:52 - SQLSTATE[42S02]: Base table or view not found: 1146 Table 'e_commerce_electronics.offers' doesn't exist
2025-06-10 15:23:52 - SQLSTATE[42S02]: Base table or view not found: 1146 Table 'e_commerce_electronics.blogs' doesn't exist
2025-06-10 15:24:05 - SQLSTATE[42S02]: Base table or view not found: 1146 Table 'e_commerce_electronics.offers' doesn't exist
2025-06-10 15:24:05 - SQLSTATE[42S02]: Base table or view not found: 1146 Table 'e_commerce_electronics.offers' doesn't exist
2025-06-10 15:24:05 - SQLSTATE[42S02]: Base table or view not found: 1146 Table 'e_commerce_electronics.offers' doesn't exist
2025-06-10 15:24:05 - SQLSTATE[42S02]: Base table or view not found: 1146 Table 'e_commerce_electronics.offers' doesn't exist
2025-06-10 15:24:05 - SQLSTATE[42S02]: Base table or view not found: 1146 Table 'e_commerce_electronics.offers' doesn't exist
2025-06-10 15:24:05 - SQLSTATE[42S02]: Base table or view not found: 1146 Table 'e_commerce_electronics.offers' doesn't exist
2025-06-10 15:24:05 - SQLSTATE[42S02]: Base table or view not found: 1146 Table 'e_commerce_electronics.offers' doesn't exist
2025-06-10 15:24:05 - SQLSTATE[42S02]: Base table or view not found: 1146 Table 'e_commerce_electronics.reviews' doesn't exist
2025-06-10 15:24:05 - SQLSTATE[42S02]: Base table or view not found: 1146 Table 'e_commerce_electronics.reviews' doesn't exist
2025-06-10 15:24:05 - SQLSTATE[42S02]: Base table or view not found: 1146 Table 'e_commerce_electronics.offers' doesn't exist
2025-06-10 15:24:05 - SQLSTATE[42S02]: Base table or view not found: 1146 Table 'e_commerce_electronics.offers' doesn't exist
2025-06-10 15:24:05 - SQLSTATE[42S02]: Base table or view not found: 1146 Table 'e_commerce_electronics.reviews' doesn't exist
2025-06-10 15:24:05 - SQLSTATE[42S02]: Base table or view not found: 1146 Table 'e_commerce_electronics.reviews' doesn't exist
2025-06-10 15:24:05 - SQLSTATE[42S02]: Base table or view not found: 1146 Table 'e_commerce_electronics.reviews' doesn't exist
2025-06-10 15:24:05 - SQLSTATE[42S02]: Base table or view not found: 1146 Table 'e_commerce_electronics.offers' doesn't exist
2025-06-10 15:24:05 - SQLSTATE[42S02]: Base table or view not found: 1146 Table 'e_commerce_electronics.offers' doesn't exist
2025-06-10 15:24:05 - SQLSTATE[42S02]: Base table or view not found: 1146 Table 'e_commerce_electronics.offers' doesn't exist
2025-06-10 15:24:05 - SQLSTATE[42S02]: Base table or view not found: 1146 Table 'e_commerce_electronics.offers' doesn't exist
2025-06-10 15:24:05 - SQLSTATE[42S02]: Base table or view not found: 1146 Table 'e_commerce_electronics.blogs' doesn't exist
2025-06-10 15:24:09 - SQLSTATE[42S02]: Base table or view not found: 1146 Table 'e_commerce_electronics.offers' doesn't exist
2025-06-10 15:24:09 - SQLSTATE[42S02]: Base table or view not found: 1146 Table 'e_commerce_electronics.offers' doesn't exist
2025-06-10 15:24:09 - SQLSTATE[42S02]: Base table or view not found: 1146 Table 'e_commerce_electronics.offers' doesn't exist
2025-06-10 15:24:09 - SQLSTATE[42S02]: Base table or view not found: 1146 Table 'e_commerce_electronics.offers' doesn't exist
2025-06-10 15:24:19 - SQLSTATE[42S02]: Base table or view not found: 1146 Table 'e_commerce_electronics.offers' doesn't exist
2025-06-10 15:24:19 - SQLSTATE[42S02]: Base table or view not found: 1146 Table 'e_commerce_electronics.offers' doesn't exist
2025-06-10 15:24:19 - SQLSTATE[42S02]: Base table or view not found: 1146 Table 'e_commerce_electronics.offers' doesn't exist
2025-06-10 15:24:38 - SQLSTATE[42S02]: Base table or view not found: 1146 Table 'e_commerce_electronics.offers' doesn't exist
2025-06-10 15:24:38 - SQLSTATE[42S02]: Base table or view not found: 1146 Table 'e_commerce_electronics.offers' doesn't exist
2025-06-10 15:24:38 - SQLSTATE[42S22]: Column not found: 1054 Unknown column 'phone' in 'field list'
2025-06-10 15:24:38 - SQLSTATE[42S02]: Base table or view not found: 1146 Table 'e_commerce_electronics.offers' doesn't exist
2025-06-10 15:24:38 - SQLSTATE[42S02]: Base table or view not found: 1146 Table 'e_commerce_electronics.offers' doesn't exist
2025-06-10 15:24:38 - SQLSTATE[42S02]: Base table or view not found: 1146 Table 'e_commerce_electronics.offers' doesn't exist
2025-06-10 15:24:43 - SQLSTATE[42S02]: Base table or view not found: 1146 Table 'e_commerce_electronics.offers' doesn't exist
2025-06-10 15:24:44 - SQLSTATE[42S02]: Base table or view not found: 1146 Table 'e_commerce_electronics.offers' doesn't exist
2025-06-10 15:24:44 - SQLSTATE[42S02]: Base table or view not found: 1146 Table 'e_commerce_electronics.offers' doesn't exist
2025-06-10 15:24:44 - SQLSTATE[42S02]: Base table or view not found: 1146 Table 'e_commerce_electronics.offers' doesn't exist
2025-06-10 15:24:46 - SQLSTATE[42S02]: Base table or view not found: 1146 Table 'e_commerce_electronics.offers' doesn't exist
2025-06-10 15:24:46 - SQLSTATE[42S02]: Base table or view not found: 1146 Table 'e_commerce_electronics.offers' doesn't exist
2025-06-10 15:24:51 - SQLSTATE[42S02]: Base table or view not found: 1146 Table 'e_commerce_electronics.wishlist' doesn't exist
2025-06-10 15:24:54 - SQLSTATE[42S02]: Base table or view not found: 1146 Table 'e_commerce_electronics.blogs' doesn't exist
2025-06-10 15:24:54 - SQLSTATE[42S02]: Base table or view not found: 1146 Table 'e_commerce_electronics.blogs' doesn't exist
2025-06-10 15:24:54 - SQLSTATE[42S02]: Base table or view not found: 1146 Table 'e_commerce_electronics.blogs' doesn't exist
2025-06-10 15:25:04 - SQLSTATE[42S02]: Base table or view not found: 1146 Table 'e_commerce_electronics.offers' doesn't exist
2025-06-10 15:25:04 - SQLSTATE[42S02]: Base table or view not found: 1146 Table 'e_commerce_electronics.offers' doesn't exist
2025-06-10 15:25:04 - SQLSTATE[42S02]: Base table or view not found: 1146 Table 'e_commerce_electronics.offers' doesn't exist
2025-06-10 15:25:04 - SQLSTATE[42S02]: Base table or view not found: 1146 Table 'e_commerce_electronics.offers' doesn't exist
2025-06-10 15:25:04 - SQLSTATE[42S02]: Base table or view not found: 1146 Table 'e_commerce_electronics.offers' doesn't exist
2025-06-10 15:25:04 - SQLSTATE[42S02]: Base table or view not found: 1146 Table 'e_commerce_electronics.offers' doesn't exist
2025-06-10 15:25:04 - SQLSTATE[42S02]: Base table or view not found: 1146 Table 'e_commerce_electronics.reviews' doesn't exist
2025-06-10 15:25:04 - SQLSTATE[42S02]: Base table or view not found: 1146 Table 'e_commerce_electronics.reviews' doesn't exist
2025-06-10 15:25:04 - SQLSTATE[42S02]: Base table or view not found: 1146 Table 'e_commerce_electronics.offers' doesn't exist
2025-06-10 15:25:04 - SQLSTATE[42S02]: Base table or view not found: 1146 Table 'e_commerce_electronics.offers' doesn't exist
2025-06-10 15:25:04 - SQLSTATE[42S02]: Base table or view not found: 1146 Table 'e_commerce_electronics.reviews' doesn't exist
2025-06-10 15:25:04 - SQLSTATE[42S02]: Base table or view not found: 1146 Table 'e_commerce_electronics.reviews' doesn't exist
2025-06-10 15:25:04 - SQLSTATE[42S02]: Base table or view not found: 1146 Table 'e_commerce_electronics.reviews' doesn't exist
2025-06-10 15:25:04 - SQLSTATE[42S02]: Base table or view not found: 1146 Table 'e_commerce_electronics.offers' doesn't exist
2025-06-10 15:25:04 - SQLSTATE[42S02]: Base table or view not found: 1146 Table 'e_commerce_electronics.offers' doesn't exist
2025-06-10 15:25:04 - SQLSTATE[42S02]: Base table or view not found: 1146 Table 'e_commerce_electronics.offers' doesn't exist
2025-06-10 15:25:04 - SQLSTATE[42S02]: Base table or view not found: 1146 Table 'e_commerce_electronics.offers' doesn't exist
2025-06-10 15:25:04 - SQLSTATE[42S02]: Base table or view not found: 1146 Table 'e_commerce_electronics.blogs' doesn't exist
2025-06-10 19:36:35 - SQLSTATE[23000]: Integrity constraint violation: 1062 Duplicate entry '11-41' for key 'unique_wishlist'
2025-06-10 19:42:53 - SQLSTATE[23000]: Integrity constraint violation: 1452 Cannot add or update a child row: a foreign key constraint fails (`e_commerce_electronics`.`offers`, CONSTRAINT `offers_ibfk_1` FOREIGN KEY (`product_id`) REFERENCES `products` (`id`) ON DELETE CASCADE)
